<?xml version="1.0" encoding="UTF-8"?>
<testsuite hostname="Dmitry-Kovpaks-MacBook-Pro.local" name="tests.CheckVisaClassicTextKPCU" tests="7" failures="0" timestamp="18 Jan 2016 22:53:30 GMT" time="31.897" errors="0">
  <testcase name="testVisaPlatinumSelectionAndToAplicationTypeKPCU" time="16.355" classname="tests.VisaPlatinumSelectionAndToApplicationTypeKPCU"/>
  <testcase name="testVisaPlatinumSelectionAndGoigtoNextPage" time="20.229" classname="tests.VisaPlatinumRewardsSelectionAndToApplicationTypeKPCU"/>
  <testcase name="testVisaPlatinumRewards" time="7.412" classname="tests.checkVizaPlatinumTextKPCU"/>
  <testcase name="testLandingPageWizardText" time="7.66" classname="tests.checkLandingPageWizardTextKPCU"/>
  <testcase name="testVisaPlatinumSelectionAndToAplicationTypeKPCU" time="29.264" classname="tests.VisaClassicAndToApplicationTypeKPCU"/>
  <testcase name="checkVisaClassicText" time="5.927" classname="tests.CheckVisaClassicTextKPCU"/>
  <testcase name="checkVisaPlatinumRewardsText" time="3.828" classname="tests.CheckVisaPlatinumRewardsTextKPCU"/>
</testsuite>
